<?xml version="1.0" encoding="UTF-8"?>
<!-- Generated by org.testng.reporters.JUnitReportReporter -->
<testsuite hostname="Nandini_Kandula" failures="0" tests="2" name="selpractice.endtoendframework" time="27.996" errors="0" timestamp="1 Apr 2024 23:44:22 GMT">
  <testcase classname="selpractice.endtoendframework" name="submitorder" time="22.268"/>
  <testcase classname="selpractice.endtoendframework" name="passorder" time="5.728"/>
</testsuite> <!-- selpractice.endtoendframework -->
