<?xml version="1.0" encoding="UTF-8"?>
<!-- Generated by org.testng.reporters.JUnitReportReporter -->
<testsuite hostname="Nandini_Kandula" failures="0" tests="1" name="selpractice.errorvalidation" time="6.540" errors="0" timestamp="27 Mar 2024 18:53:12 GMT">
  <testcase classname="selpractice.errorvalidation" name="testemail" time="6.540"/>
</testsuite> <!-- selpractice.errorvalidation -->
