<?xml version="1.0" encoding="UTF-8"?>
<!-- Generated by org.testng.reporters.JUnitReportReporter -->
<testsuite hostname="Nandini_Kandula" failures="0" tests="2" name="selpractice.endtoendframework" time="28.960" errors="0" timestamp="2024-04-03T11:44:20 EDT" skipped="0">
  <testcase classname="selpractice.endtoendframework" name="submitorder" time="22.083"/>
  <testcase classname="selpractice.endtoendframework" name="passorder" time="6.877"/>
</testsuite> <!-- selpractice.endtoendframework -->
